2021-11-26T03:08:33+00:00 CRITICAL Uncaught Error: Cannot use object of type Automattic\Jetpack\Autoloader\jp7fa27687a59114a5aec1ac3080434897\Shutdown_Handler as array in /Users/emosidan/Sites/belajarwordpress.dev.cc/wp-content/plugins/debug-bar-actions-and-filters-addon/debug-bar-action-and-filters-addon.php:185
Stack trace:
#0 /Users/emosidan/Sites/belajarwordpress.dev.cc/wp-content/plugins/debug-bar-actions-and-filters-addon/class-debug-bar-action-and-filters-addon.php(41): debug_bar_action_and_filters_addon_display_filters()
#1 /Users/emosidan/Sites/belajarwordpress.dev.cc/wp-content/plugins/debug-bar/debug-bar.php(370): Debug_Bar_Actions_Filters_Addon->render()
#2 /Users/emosidan/Sites/belajarwordpress.dev.cc/wp-includes/class-wp-hook.php(303): Debug_Bar->render('')
#3 /Users/emosidan/Sites/belajarwordpress.dev.cc/wp-includes/class-wp-hook.php(327): WP_Hook->apply_filters(NULL, Array)
#4 /Users/emosidan/Sites/belajarwordpress.dev.cc/wp-includes/plugin.php(470): WP_Hook->do_action(Array)
#5 /Users/emosidan/Sites/belajarwordpress.dev.cc/wp- in /Users/emosidan/Sites/belajarwordpress.dev.cc/wp-content/plugins/debug-bar-actions-and-filters-addon/debug-bar-action-and-filters-addon.php on line 185

2021-11-26T03:13:49+00:00 CRITICAL Uncaught Error: Cannot use object of type Automattic\Jetpack\Autoloader\jp7fa27687a59114a5aec1ac3080434897\Shutdown_Handler as array in /Users/emosidan/Sites/belajarwordpress.dev.cc/wp-content/plugins/debug-bar-actions-and-filters-addon/debug-bar-action-and-filters-addon.php:185
Stack trace:
#0 /Users/emosidan/Sites/belajarwordpress.dev.cc/wp-content/plugins/debug-bar-actions-and-filters-addon/class-debug-bar-action-and-filters-addon.php(41): debug_bar_action_and_filters_addon_display_filters()
#1 /Users/emosidan/Sites/belajarwordpress.dev.cc/wp-content/plugins/debug-bar/debug-bar.php(370): Debug_Bar_Actions_Filters_Addon->render()
#2 /Users/emosidan/Sites/belajarwordpress.dev.cc/wp-includes/class-wp-hook.php(303): Debug_Bar->render('')
#3 /Users/emosidan/Sites/belajarwordpress.dev.cc/wp-includes/class-wp-hook.php(327): WP_Hook->apply_filters(NULL, Array)
#4 /Users/emosidan/Sites/belajarwordpress.dev.cc/wp-includes/plugin.php(470): WP_Hook->do_action(Array)
#5 /Users/emosidan/Sites/belajarwordpress.dev.cc/wp- in /Users/emosidan/Sites/belajarwordpress.dev.cc/wp-content/plugins/debug-bar-actions-and-filters-addon/debug-bar-action-and-filters-addon.php on line 185

2021-11-26T03:13:58+00:00 CRITICAL Uncaught Error: Cannot use object of type Automattic\Jetpack\Autoloader\jp7fa27687a59114a5aec1ac3080434897\Shutdown_Handler as array in /Users/emosidan/Sites/belajarwordpress.dev.cc/wp-content/plugins/debug-bar-actions-and-filters-addon/debug-bar-action-and-filters-addon.php:185
Stack trace:
#0 /Users/emosidan/Sites/belajarwordpress.dev.cc/wp-content/plugins/debug-bar-actions-and-filters-addon/class-debug-bar-action-and-filters-addon.php(41): debug_bar_action_and_filters_addon_display_filters()
#1 /Users/emosidan/Sites/belajarwordpress.dev.cc/wp-content/plugins/debug-bar/debug-bar.php(370): Debug_Bar_Actions_Filters_Addon->render()
#2 /Users/emosidan/Sites/belajarwordpress.dev.cc/wp-includes/class-wp-hook.php(303): Debug_Bar->render('')
#3 /Users/emosidan/Sites/belajarwordpress.dev.cc/wp-includes/class-wp-hook.php(327): WP_Hook->apply_filters(NULL, Array)
#4 /Users/emosidan/Sites/belajarwordpress.dev.cc/wp-includes/plugin.php(470): WP_Hook->do_action(Array)
#5 /Users/emosidan/Sites/belajarwordpress.dev.cc/wp- in /Users/emosidan/Sites/belajarwordpress.dev.cc/wp-content/plugins/debug-bar-actions-and-filters-addon/debug-bar-action-and-filters-addon.php on line 185

2021-11-26T03:14:01+00:00 CRITICAL Uncaught Error: Cannot use object of type Automattic\Jetpack\Autoloader\jp7fa27687a59114a5aec1ac3080434897\Shutdown_Handler as array in /Users/emosidan/Sites/belajarwordpress.dev.cc/wp-content/plugins/debug-bar-actions-and-filters-addon/debug-bar-action-and-filters-addon.php:185
Stack trace:
#0 /Users/emosidan/Sites/belajarwordpress.dev.cc/wp-content/plugins/debug-bar-actions-and-filters-addon/class-debug-bar-action-and-filters-addon.php(41): debug_bar_action_and_filters_addon_display_filters()
#1 /Users/emosidan/Sites/belajarwordpress.dev.cc/wp-content/plugins/debug-bar/debug-bar.php(370): Debug_Bar_Actions_Filters_Addon->render()
#2 /Users/emosidan/Sites/belajarwordpress.dev.cc/wp-includes/class-wp-hook.php(303): Debug_Bar->render('')
#3 /Users/emosidan/Sites/belajarwordpress.dev.cc/wp-includes/class-wp-hook.php(327): WP_Hook->apply_filters(NULL, Array)
#4 /Users/emosidan/Sites/belajarwordpress.dev.cc/wp-includes/plugin.php(470): WP_Hook->do_action(Array)
#5 /Users/emosidan/Sites/belajarwordpress.dev.cc/wp- in /Users/emosidan/Sites/belajarwordpress.dev.cc/wp-content/plugins/debug-bar-actions-and-filters-addon/debug-bar-action-and-filters-addon.php on line 185

2021-11-26T03:14:08+00:00 CRITICAL Uncaught Error: Cannot use object of type Automattic\Jetpack\Autoloader\jp7fa27687a59114a5aec1ac3080434897\Shutdown_Handler as array in /Users/emosidan/Sites/belajarwordpress.dev.cc/wp-content/plugins/debug-bar-actions-and-filters-addon/debug-bar-action-and-filters-addon.php:185
Stack trace:
#0 /Users/emosidan/Sites/belajarwordpress.dev.cc/wp-content/plugins/debug-bar-actions-and-filters-addon/class-debug-bar-action-and-filters-addon.php(41): debug_bar_action_and_filters_addon_display_filters()
#1 /Users/emosidan/Sites/belajarwordpress.dev.cc/wp-content/plugins/debug-bar/debug-bar.php(370): Debug_Bar_Actions_Filters_Addon->render()
#2 /Users/emosidan/Sites/belajarwordpress.dev.cc/wp-includes/class-wp-hook.php(303): Debug_Bar->render('')
#3 /Users/emosidan/Sites/belajarwordpress.dev.cc/wp-includes/class-wp-hook.php(327): WP_Hook->apply_filters(NULL, Array)
#4 /Users/emosidan/Sites/belajarwordpress.dev.cc/wp-includes/plugin.php(470): WP_Hook->do_action(Array)
#5 /Users/emosidan/Sites/belajarwordpress.dev.cc/wp- in /Users/emosidan/Sites/belajarwordpress.dev.cc/wp-content/plugins/debug-bar-actions-and-filters-addon/debug-bar-action-and-filters-addon.php on line 185

2021-11-26T03:14:21+00:00 CRITICAL Uncaught Error: Cannot use object of type Automattic\Jetpack\Autoloader\jp7fa27687a59114a5aec1ac3080434897\Shutdown_Handler as array in /Users/emosidan/Sites/belajarwordpress.dev.cc/wp-content/plugins/debug-bar-actions-and-filters-addon/debug-bar-action-and-filters-addon.php:185
Stack trace:
#0 /Users/emosidan/Sites/belajarwordpress.dev.cc/wp-content/plugins/debug-bar-actions-and-filters-addon/class-debug-bar-action-and-filters-addon.php(41): debug_bar_action_and_filters_addon_display_filters()
#1 /Users/emosidan/Sites/belajarwordpress.dev.cc/wp-content/plugins/debug-bar/debug-bar.php(370): Debug_Bar_Actions_Filters_Addon->render()
#2 /Users/emosidan/Sites/belajarwordpress.dev.cc/wp-includes/class-wp-hook.php(303): Debug_Bar->render('')
#3 /Users/emosidan/Sites/belajarwordpress.dev.cc/wp-includes/class-wp-hook.php(327): WP_Hook->apply_filters(NULL, Array)
#4 /Users/emosidan/Sites/belajarwordpress.dev.cc/wp-includes/plugin.php(470): WP_Hook->do_action(Array)
#5 /Users/emosidan/Sites/belajarwordpress.dev.cc/wp- in /Users/emosidan/Sites/belajarwordpress.dev.cc/wp-content/plugins/debug-bar-actions-and-filters-addon/debug-bar-action-and-filters-addon.php on line 185

2021-11-26T03:14:28+00:00 CRITICAL Uncaught Error: Cannot use object of type Automattic\Jetpack\Autoloader\jp7fa27687a59114a5aec1ac3080434897\Shutdown_Handler as array in /Users/emosidan/Sites/belajarwordpress.dev.cc/wp-content/plugins/debug-bar-actions-and-filters-addon/debug-bar-action-and-filters-addon.php:185
Stack trace:
#0 /Users/emosidan/Sites/belajarwordpress.dev.cc/wp-content/plugins/debug-bar-actions-and-filters-addon/class-debug-bar-action-and-filters-addon.php(41): debug_bar_action_and_filters_addon_display_filters()
#1 /Users/emosidan/Sites/belajarwordpress.dev.cc/wp-content/plugins/debug-bar/debug-bar.php(370): Debug_Bar_Actions_Filters_Addon->render()
#2 /Users/emosidan/Sites/belajarwordpress.dev.cc/wp-includes/class-wp-hook.php(303): Debug_Bar->render('')
#3 /Users/emosidan/Sites/belajarwordpress.dev.cc/wp-includes/class-wp-hook.php(327): WP_Hook->apply_filters(NULL, Array)
#4 /Users/emosidan/Sites/belajarwordpress.dev.cc/wp-includes/plugin.php(470): WP_Hook->do_action(Array)
#5 /Users/emosidan/Sites/belajarwordpress.dev.cc/wp- in /Users/emosidan/Sites/belajarwordpress.dev.cc/wp-content/plugins/debug-bar-actions-and-filters-addon/debug-bar-action-and-filters-addon.php on line 185

2021-11-26T03:14:46+00:00 CRITICAL Uncaught Error: Cannot use object of type Automattic\Jetpack\Autoloader\jp7fa27687a59114a5aec1ac3080434897\Shutdown_Handler as array in /Users/emosidan/Sites/belajarwordpress.dev.cc/wp-content/plugins/debug-bar-actions-and-filters-addon/debug-bar-action-and-filters-addon.php:185
Stack trace:
#0 /Users/emosidan/Sites/belajarwordpress.dev.cc/wp-content/plugins/debug-bar-actions-and-filters-addon/class-debug-bar-action-and-filters-addon.php(41): debug_bar_action_and_filters_addon_display_filters()
#1 /Users/emosidan/Sites/belajarwordpress.dev.cc/wp-content/plugins/debug-bar/debug-bar.php(370): Debug_Bar_Actions_Filters_Addon->render()
#2 /Users/emosidan/Sites/belajarwordpress.dev.cc/wp-includes/class-wp-hook.php(303): Debug_Bar->render('')
#3 /Users/emosidan/Sites/belajarwordpress.dev.cc/wp-includes/class-wp-hook.php(327): WP_Hook->apply_filters(NULL, Array)
#4 /Users/emosidan/Sites/belajarwordpress.dev.cc/wp-includes/plugin.php(470): WP_Hook->do_action(Array)
#5 /Users/emosidan/Sites/belajarwordpress.dev.cc/wp- in /Users/emosidan/Sites/belajarwordpress.dev.cc/wp-content/plugins/debug-bar-actions-and-filters-addon/debug-bar-action-and-filters-addon.php on line 185

2021-11-26T03:14:51+00:00 CRITICAL Uncaught Error: Cannot use object of type Automattic\Jetpack\Autoloader\jp7fa27687a59114a5aec1ac3080434897\Shutdown_Handler as array in /Users/emosidan/Sites/belajarwordpress.dev.cc/wp-content/plugins/debug-bar-actions-and-filters-addon/debug-bar-action-and-filters-addon.php:185
Stack trace:
#0 /Users/emosidan/Sites/belajarwordpress.dev.cc/wp-content/plugins/debug-bar-actions-and-filters-addon/class-debug-bar-action-and-filters-addon.php(41): debug_bar_action_and_filters_addon_display_filters()
#1 /Users/emosidan/Sites/belajarwordpress.dev.cc/wp-content/plugins/debug-bar/debug-bar.php(370): Debug_Bar_Actions_Filters_Addon->render()
#2 /Users/emosidan/Sites/belajarwordpress.dev.cc/wp-includes/class-wp-hook.php(303): Debug_Bar->render('')
#3 /Users/emosidan/Sites/belajarwordpress.dev.cc/wp-includes/class-wp-hook.php(327): WP_Hook->apply_filters(NULL, Array)
#4 /Users/emosidan/Sites/belajarwordpress.dev.cc/wp-includes/plugin.php(470): WP_Hook->do_action(Array)
#5 /Users/emosidan/Sites/belajarwordpress.dev.cc/wp- in /Users/emosidan/Sites/belajarwordpress.dev.cc/wp-content/plugins/debug-bar-actions-and-filters-addon/debug-bar-action-and-filters-addon.php on line 185

2021-11-26T03:14:59+00:00 CRITICAL Uncaught Error: Cannot use object of type Automattic\Jetpack\Autoloader\jp7fa27687a59114a5aec1ac3080434897\Shutdown_Handler as array in /Users/emosidan/Sites/belajarwordpress.dev.cc/wp-content/plugins/debug-bar-actions-and-filters-addon/debug-bar-action-and-filters-addon.php:185
Stack trace:
#0 /Users/emosidan/Sites/belajarwordpress.dev.cc/wp-content/plugins/debug-bar-actions-and-filters-addon/class-debug-bar-action-and-filters-addon.php(41): debug_bar_action_and_filters_addon_display_filters()
#1 /Users/emosidan/Sites/belajarwordpress.dev.cc/wp-content/plugins/debug-bar/debug-bar.php(370): Debug_Bar_Actions_Filters_Addon->render()
#2 /Users/emosidan/Sites/belajarwordpress.dev.cc/wp-includes/class-wp-hook.php(303): Debug_Bar->render('')
#3 /Users/emosidan/Sites/belajarwordpress.dev.cc/wp-includes/class-wp-hook.php(327): WP_Hook->apply_filters(NULL, Array)
#4 /Users/emosidan/Sites/belajarwordpress.dev.cc/wp-includes/plugin.php(470): WP_Hook->do_action(Array)
#5 /Users/emosidan/Sites/belajarwordpress.dev.cc/wp- in /Users/emosidan/Sites/belajarwordpress.dev.cc/wp-content/plugins/debug-bar-actions-and-filters-addon/debug-bar-action-and-filters-addon.php on line 185

2021-11-26T03:15:03+00:00 CRITICAL Uncaught Error: Cannot use object of type Automattic\Jetpack\Autoloader\jp7fa27687a59114a5aec1ac3080434897\Shutdown_Handler as array in /Users/emosidan/Sites/belajarwordpress.dev.cc/wp-content/plugins/debug-bar-actions-and-filters-addon/debug-bar-action-and-filters-addon.php:185
Stack trace:
#0 /Users/emosidan/Sites/belajarwordpress.dev.cc/wp-content/plugins/debug-bar-actions-and-filters-addon/class-debug-bar-action-and-filters-addon.php(41): debug_bar_action_and_filters_addon_display_filters()
#1 /Users/emosidan/Sites/belajarwordpress.dev.cc/wp-content/plugins/debug-bar/debug-bar.php(370): Debug_Bar_Actions_Filters_Addon->render()
#2 /Users/emosidan/Sites/belajarwordpress.dev.cc/wp-includes/class-wp-hook.php(303): Debug_Bar->render('')
#3 /Users/emosidan/Sites/belajarwordpress.dev.cc/wp-includes/class-wp-hook.php(327): WP_Hook->apply_filters(NULL, Array)
#4 /Users/emosidan/Sites/belajarwordpress.dev.cc/wp-includes/plugin.php(470): WP_Hook->do_action(Array)
#5 /Users/emosidan/Sites/belajarwordpress.dev.cc/wp- in /Users/emosidan/Sites/belajarwordpress.dev.cc/wp-content/plugins/debug-bar-actions-and-filters-addon/debug-bar-action-and-filters-addon.php on line 185

2021-11-26T03:15:14+00:00 CRITICAL Uncaught Error: Cannot use object of type Automattic\Jetpack\Autoloader\jp7fa27687a59114a5aec1ac3080434897\Shutdown_Handler as array in /Users/emosidan/Sites/belajarwordpress.dev.cc/wp-content/plugins/debug-bar-actions-and-filters-addon/debug-bar-action-and-filters-addon.php:185
Stack trace:
#0 /Users/emosidan/Sites/belajarwordpress.dev.cc/wp-content/plugins/debug-bar-actions-and-filters-addon/class-debug-bar-action-and-filters-addon.php(41): debug_bar_action_and_filters_addon_display_filters()
#1 /Users/emosidan/Sites/belajarwordpress.dev.cc/wp-content/plugins/debug-bar/debug-bar.php(370): Debug_Bar_Actions_Filters_Addon->render()
#2 /Users/emosidan/Sites/belajarwordpress.dev.cc/wp-includes/class-wp-hook.php(303): Debug_Bar->render('')
#3 /Users/emosidan/Sites/belajarwordpress.dev.cc/wp-includes/class-wp-hook.php(327): WP_Hook->apply_filters(NULL, Array)
#4 /Users/emosidan/Sites/belajarwordpress.dev.cc/wp-includes/plugin.php(470): WP_Hook->do_action(Array)
#5 /Users/emosidan/Sites/belajarwordpress.dev.cc/wp- in /Users/emosidan/Sites/belajarwordpress.dev.cc/wp-content/plugins/debug-bar-actions-and-filters-addon/debug-bar-action-and-filters-addon.php on line 185

2021-11-26T03:15:40+00:00 CRITICAL Uncaught Error: Cannot use object of type Automattic\Jetpack\Autoloader\jp7fa27687a59114a5aec1ac3080434897\Shutdown_Handler as array in /Users/emosidan/Sites/belajarwordpress.dev.cc/wp-content/plugins/debug-bar-actions-and-filters-addon/debug-bar-action-and-filters-addon.php:185
Stack trace:
#0 /Users/emosidan/Sites/belajarwordpress.dev.cc/wp-content/plugins/debug-bar-actions-and-filters-addon/class-debug-bar-action-and-filters-addon.php(41): debug_bar_action_and_filters_addon_display_filters()
#1 /Users/emosidan/Sites/belajarwordpress.dev.cc/wp-content/plugins/debug-bar/debug-bar.php(370): Debug_Bar_Actions_Filters_Addon->render()
#2 /Users/emosidan/Sites/belajarwordpress.dev.cc/wp-includes/class-wp-hook.php(303): Debug_Bar->render('')
#3 /Users/emosidan/Sites/belajarwordpress.dev.cc/wp-includes/class-wp-hook.php(327): WP_Hook->apply_filters(NULL, Array)
#4 /Users/emosidan/Sites/belajarwordpress.dev.cc/wp-includes/plugin.php(470): WP_Hook->do_action(Array)
#5 /Users/emosidan/Sites/belajarwordpress.dev.cc/wp- in /Users/emosidan/Sites/belajarwordpress.dev.cc/wp-content/plugins/debug-bar-actions-and-filters-addon/debug-bar-action-and-filters-addon.php on line 185

2021-11-26T03:15:46+00:00 CRITICAL Uncaught Error: Cannot use object of type Automattic\Jetpack\Autoloader\jp7fa27687a59114a5aec1ac3080434897\Shutdown_Handler as array in /Users/emosidan/Sites/belajarwordpress.dev.cc/wp-content/plugins/debug-bar-actions-and-filters-addon/debug-bar-action-and-filters-addon.php:185
Stack trace:
#0 /Users/emosidan/Sites/belajarwordpress.dev.cc/wp-content/plugins/debug-bar-actions-and-filters-addon/class-debug-bar-action-and-filters-addon.php(41): debug_bar_action_and_filters_addon_display_filters()
#1 /Users/emosidan/Sites/belajarwordpress.dev.cc/wp-content/plugins/debug-bar/debug-bar.php(370): Debug_Bar_Actions_Filters_Addon->render()
#2 /Users/emosidan/Sites/belajarwordpress.dev.cc/wp-includes/class-wp-hook.php(303): Debug_Bar->render('')
#3 /Users/emosidan/Sites/belajarwordpress.dev.cc/wp-includes/class-wp-hook.php(327): WP_Hook->apply_filters(NULL, Array)
#4 /Users/emosidan/Sites/belajarwordpress.dev.cc/wp-includes/plugin.php(470): WP_Hook->do_action(Array)
#5 /Users/emosidan/Sites/belajarwordpress.dev.cc/wp- in /Users/emosidan/Sites/belajarwordpress.dev.cc/wp-content/plugins/debug-bar-actions-and-filters-addon/debug-bar-action-and-filters-addon.php on line 185

2021-11-26T03:15:55+00:00 CRITICAL Uncaught Error: Cannot use object of type Automattic\Jetpack\Autoloader\jp7fa27687a59114a5aec1ac3080434897\Shutdown_Handler as array in /Users/emosidan/Sites/belajarwordpress.dev.cc/wp-content/plugins/debug-bar-actions-and-filters-addon/debug-bar-action-and-filters-addon.php:185
Stack trace:
#0 /Users/emosidan/Sites/belajarwordpress.dev.cc/wp-content/plugins/debug-bar-actions-and-filters-addon/class-debug-bar-action-and-filters-addon.php(41): debug_bar_action_and_filters_addon_display_filters()
#1 /Users/emosidan/Sites/belajarwordpress.dev.cc/wp-content/plugins/debug-bar/debug-bar.php(370): Debug_Bar_Actions_Filters_Addon->render()
#2 /Users/emosidan/Sites/belajarwordpress.dev.cc/wp-includes/class-wp-hook.php(303): Debug_Bar->render('')
#3 /Users/emosidan/Sites/belajarwordpress.dev.cc/wp-includes/class-wp-hook.php(327): WP_Hook->apply_filters(NULL, Array)
#4 /Users/emosidan/Sites/belajarwordpress.dev.cc/wp-includes/plugin.php(470): WP_Hook->do_action(Array)
#5 /Users/emosidan/Sites/belajarwordpress.dev.cc/wp- in /Users/emosidan/Sites/belajarwordpress.dev.cc/wp-content/plugins/debug-bar-actions-and-filters-addon/debug-bar-action-and-filters-addon.php on line 185

2021-11-26T03:18:51+00:00 CRITICAL Uncaught Error: Cannot use object of type Automattic\Jetpack\Autoloader\jp7fa27687a59114a5aec1ac3080434897\Shutdown_Handler as array in /Users/emosidan/Sites/belajarwordpress.dev.cc/wp-content/plugins/debug-bar-actions-and-filters-addon/debug-bar-action-and-filters-addon.php:185
Stack trace:
#0 /Users/emosidan/Sites/belajarwordpress.dev.cc/wp-content/plugins/debug-bar-actions-and-filters-addon/class-debug-bar-action-and-filters-addon.php(41): debug_bar_action_and_filters_addon_display_filters()
#1 /Users/emosidan/Sites/belajarwordpress.dev.cc/wp-content/plugins/debug-bar/debug-bar.php(370): Debug_Bar_Actions_Filters_Addon->render()
#2 /Users/emosidan/Sites/belajarwordpress.dev.cc/wp-includes/class-wp-hook.php(303): Debug_Bar->render('')
#3 /Users/emosidan/Sites/belajarwordpress.dev.cc/wp-includes/class-wp-hook.php(327): WP_Hook->apply_filters(NULL, Array)
#4 /Users/emosidan/Sites/belajarwordpress.dev.cc/wp-includes/plugin.php(470): WP_Hook->do_action(Array)
#5 /Users/emosidan/Sites/belajarwordpress.dev.cc/wp- in /Users/emosidan/Sites/belajarwordpress.dev.cc/wp-content/plugins/debug-bar-actions-and-filters-addon/debug-bar-action-and-filters-addon.php on line 185

2021-11-26T03:18:54+00:00 CRITICAL Uncaught Error: Cannot use object of type Automattic\Jetpack\Autoloader\jp7fa27687a59114a5aec1ac3080434897\Shutdown_Handler as array in /Users/emosidan/Sites/belajarwordpress.dev.cc/wp-content/plugins/debug-bar-actions-and-filters-addon/debug-bar-action-and-filters-addon.php:185
Stack trace:
#0 /Users/emosidan/Sites/belajarwordpress.dev.cc/wp-content/plugins/debug-bar-actions-and-filters-addon/class-debug-bar-action-and-filters-addon.php(41): debug_bar_action_and_filters_addon_display_filters()
#1 /Users/emosidan/Sites/belajarwordpress.dev.cc/wp-content/plugins/debug-bar/debug-bar.php(370): Debug_Bar_Actions_Filters_Addon->render()
#2 /Users/emosidan/Sites/belajarwordpress.dev.cc/wp-includes/class-wp-hook.php(303): Debug_Bar->render('')
#3 /Users/emosidan/Sites/belajarwordpress.dev.cc/wp-includes/class-wp-hook.php(327): WP_Hook->apply_filters(NULL, Array)
#4 /Users/emosidan/Sites/belajarwordpress.dev.cc/wp-includes/plugin.php(470): WP_Hook->do_action(Array)
#5 /Users/emosidan/Sites/belajarwordpress.dev.cc/wp- in /Users/emosidan/Sites/belajarwordpress.dev.cc/wp-content/plugins/debug-bar-actions-and-filters-addon/debug-bar-action-and-filters-addon.php on line 185

2021-11-26T03:19:03+00:00 CRITICAL Uncaught Error: Cannot use object of type Automattic\Jetpack\Autoloader\jp7fa27687a59114a5aec1ac3080434897\Shutdown_Handler as array in /Users/emosidan/Sites/belajarwordpress.dev.cc/wp-content/plugins/debug-bar-actions-and-filters-addon/debug-bar-action-and-filters-addon.php:185
Stack trace:
#0 /Users/emosidan/Sites/belajarwordpress.dev.cc/wp-content/plugins/debug-bar-actions-and-filters-addon/class-debug-bar-action-and-filters-addon.php(41): debug_bar_action_and_filters_addon_display_filters()
#1 /Users/emosidan/Sites/belajarwordpress.dev.cc/wp-content/plugins/debug-bar/debug-bar.php(370): Debug_Bar_Actions_Filters_Addon->render()
#2 /Users/emosidan/Sites/belajarwordpress.dev.cc/wp-includes/class-wp-hook.php(303): Debug_Bar->render('')
#3 /Users/emosidan/Sites/belajarwordpress.dev.cc/wp-includes/class-wp-hook.php(327): WP_Hook->apply_filters(NULL, Array)
#4 /Users/emosidan/Sites/belajarwordpress.dev.cc/wp-includes/plugin.php(470): WP_Hook->do_action(Array)
#5 /Users/emosidan/Sites/belajarwordpress.dev.cc/wp- in /Users/emosidan/Sites/belajarwordpress.dev.cc/wp-content/plugins/debug-bar-actions-and-filters-addon/debug-bar-action-and-filters-addon.php on line 185

2021-11-26T03:19:09+00:00 CRITICAL Uncaught Error: Cannot use object of type Automattic\Jetpack\Autoloader\jp7fa27687a59114a5aec1ac3080434897\Shutdown_Handler as array in /Users/emosidan/Sites/belajarwordpress.dev.cc/wp-content/plugins/debug-bar-actions-and-filters-addon/debug-bar-action-and-filters-addon.php:185
Stack trace:
#0 /Users/emosidan/Sites/belajarwordpress.dev.cc/wp-content/plugins/debug-bar-actions-and-filters-addon/class-debug-bar-action-and-filters-addon.php(41): debug_bar_action_and_filters_addon_display_filters()
#1 /Users/emosidan/Sites/belajarwordpress.dev.cc/wp-content/plugins/debug-bar/debug-bar.php(370): Debug_Bar_Actions_Filters_Addon->render()
#2 /Users/emosidan/Sites/belajarwordpress.dev.cc/wp-includes/class-wp-hook.php(303): Debug_Bar->render('')
#3 /Users/emosidan/Sites/belajarwordpress.dev.cc/wp-includes/class-wp-hook.php(327): WP_Hook->apply_filters(NULL, Array)
#4 /Users/emosidan/Sites/belajarwordpress.dev.cc/wp-includes/plugin.php(470): WP_Hook->do_action(Array)
#5 /Users/emosidan/Sites/belajarwordpress.dev.cc/wp- in /Users/emosidan/Sites/belajarwordpress.dev.cc/wp-content/plugins/debug-bar-actions-and-filters-addon/debug-bar-action-and-filters-addon.php on line 185

2021-11-26T03:21:50+00:00 CRITICAL Uncaught Error: Cannot use object of type Automattic\Jetpack\Autoloader\jp7fa27687a59114a5aec1ac3080434897\Shutdown_Handler as array in /Users/emosidan/Sites/belajarwordpress.dev.cc/wp-content/plugins/debug-bar-actions-and-filters-addon/debug-bar-action-and-filters-addon.php:185
Stack trace:
#0 /Users/emosidan/Sites/belajarwordpress.dev.cc/wp-content/plugins/debug-bar-actions-and-filters-addon/class-debug-bar-action-and-filters-addon.php(41): debug_bar_action_and_filters_addon_display_filters()
#1 /Users/emosidan/Sites/belajarwordpress.dev.cc/wp-content/plugins/debug-bar/debug-bar.php(370): Debug_Bar_Actions_Filters_Addon->render()
#2 /Users/emosidan/Sites/belajarwordpress.dev.cc/wp-includes/class-wp-hook.php(303): Debug_Bar->render('')
#3 /Users/emosidan/Sites/belajarwordpress.dev.cc/wp-includes/class-wp-hook.php(327): WP_Hook->apply_filters(NULL, Array)
#4 /Users/emosidan/Sites/belajarwordpress.dev.cc/wp-includes/plugin.php(470): WP_Hook->do_action(Array)
#5 /Users/emosidan/Sites/belajarwordpress.dev.cc/wp- in /Users/emosidan/Sites/belajarwordpress.dev.cc/wp-content/plugins/debug-bar-actions-and-filters-addon/debug-bar-action-and-filters-addon.php on line 185

2021-11-26T03:21:53+00:00 CRITICAL Uncaught Error: Cannot use object of type Automattic\Jetpack\Autoloader\jp7fa27687a59114a5aec1ac3080434897\Shutdown_Handler as array in /Users/emosidan/Sites/belajarwordpress.dev.cc/wp-content/plugins/debug-bar-actions-and-filters-addon/debug-bar-action-and-filters-addon.php:185
Stack trace:
#0 /Users/emosidan/Sites/belajarwordpress.dev.cc/wp-content/plugins/debug-bar-actions-and-filters-addon/class-debug-bar-action-and-filters-addon.php(41): debug_bar_action_and_filters_addon_display_filters()
#1 /Users/emosidan/Sites/belajarwordpress.dev.cc/wp-content/plugins/debug-bar/debug-bar.php(370): Debug_Bar_Actions_Filters_Addon->render()
#2 /Users/emosidan/Sites/belajarwordpress.dev.cc/wp-includes/class-wp-hook.php(303): Debug_Bar->render('')
#3 /Users/emosidan/Sites/belajarwordpress.dev.cc/wp-includes/class-wp-hook.php(327): WP_Hook->apply_filters(NULL, Array)
#4 /Users/emosidan/Sites/belajarwordpress.dev.cc/wp-includes/plugin.php(470): WP_Hook->do_action(Array)
#5 /Users/emosidan/Sites/belajarwordpress.dev.cc/wp- in /Users/emosidan/Sites/belajarwordpress.dev.cc/wp-content/plugins/debug-bar-actions-and-filters-addon/debug-bar-action-and-filters-addon.php on line 185

2021-11-26T03:21:58+00:00 CRITICAL Uncaught Error: Cannot use object of type Automattic\Jetpack\Autoloader\jp7fa27687a59114a5aec1ac3080434897\Shutdown_Handler as array in /Users/emosidan/Sites/belajarwordpress.dev.cc/wp-content/plugins/debug-bar-actions-and-filters-addon/debug-bar-action-and-filters-addon.php:185
Stack trace:
#0 /Users/emosidan/Sites/belajarwordpress.dev.cc/wp-content/plugins/debug-bar-actions-and-filters-addon/class-debug-bar-action-and-filters-addon.php(41): debug_bar_action_and_filters_addon_display_filters()
#1 /Users/emosidan/Sites/belajarwordpress.dev.cc/wp-content/plugins/debug-bar/debug-bar.php(370): Debug_Bar_Actions_Filters_Addon->render()
#2 /Users/emosidan/Sites/belajarwordpress.dev.cc/wp-includes/class-wp-hook.php(303): Debug_Bar->render('')
#3 /Users/emosidan/Sites/belajarwordpress.dev.cc/wp-includes/class-wp-hook.php(327): WP_Hook->apply_filters(NULL, Array)
#4 /Users/emosidan/Sites/belajarwordpress.dev.cc/wp-includes/plugin.php(470): WP_Hook->do_action(Array)
#5 /Users/emosidan/Sites/belajarwordpress.dev.cc/wp- in /Users/emosidan/Sites/belajarwordpress.dev.cc/wp-content/plugins/debug-bar-actions-and-filters-addon/debug-bar-action-and-filters-addon.php on line 185

